Running with -np 18
init master
Received from 0
Received from 16
Received from 1
Received from 15
Received from 14
Received from 2
Received from 3
Received from 13
Received from 12
Received from 4
Received from 11
Received from 5
Received from 6
Received from 9
Received from 10
Received from 8
Received from 7
finished calcs
Execution time: 231.224185 seconds
Running with -np 20
init master
Received from 0
Received from 18
Received from 1
Received from 17
Received from 16
Received from 2
Received from 15
Received from 3
Received from 14
Received from 4
Received from 12
Received from 5
Received from 6
Received from 13
Received from 7
Received from 11
Received from 10
Received from 9
Received from 8
finished calcs
Execution time: 211.178638 seconds
Running with -np 22
init master
Received from 0
Received from 20
Received from 1
Received from 19
Received from 2
Received from 3
Received from 18
Received from 17
Received from 4
Received from 16
Received from 5
Received from 15
Received from 14
Received from 6
Received from 7
Received from 13
Received from 11
Received from 8
Received from 12
Received from 9
Received from 10
finished calcs
Execution time: 206.023790 seconds
Running with -np 24
init master
Received from 22
Received from 0
Received from 1
Received from 21
Received from 3
Received from 19
Received from 2
Received from 20
Received from 4
Received from 18
Received from 5
Received from 17
Received from 15
Received from 6
Received from 16
Received from 7
Received from 8
Received from 14
Received from 12
Received from 9
Received from 13
Received from 10
Received from 11
finished calcs
Execution time: 198.515696 seconds
Running with -np 26
init master
Received from 24
Received from 0
Received from 1
Received from 23
Received from 2
Received from 21
Received from 22
Received from 3
Received from 4
Received from 20
Received from 19
Received from 5
Received from 18
Received from 6
Received from 7
Received from 17
Received from 16
Received from 8
Received from 9
Received from 10
Received from 15
Received from 14
Received from 13
Received from 12
Received from 11
finished calcs
Execution time: 170.753061 seconds
Running with -np 28
init master
Received from 0
Received from 26
Received from 25
Received from 1
Received from 2
Received from 24
Received from 4
Received from 3
Received from 22
Received from 23
Received from 21
Received from 5
Received from 20
Received from 6
Received from 7
Received from 19
Received from 18
Received from 8
Received from 9
Received from 17
Received from 16
Received from 10
Received from 15
Received from 11
Received from 14
Received from 12
Received from 13
finished calcs
Execution time: 176.478718 seconds
Running with -np 30
init master
Received from 28
Received from 0
Received from 1
Received from 27
Received from 2
Received from 24
Received from 26
Received from 4
Received from 25
Received from 3
Received from 5
Received from 23
Received from 22
Received from 6
Received from 7
Received from 21
Received from 19
Received from 10
Received from 9
Received from 20
Received from 8
Received from 18
Received from 11
Received from 17
Received from 14
Received from 12
Received from 16
Received from 13
Received from 15
finished calcs
Execution time: 149.996779 seconds
Running with -np 32
init master
Received from 30
Received from 0
Received from 1
Received from 29
Received from 2
Received from 28
Received from 26
Received from 4
Received from 27
Received from 3
Received from 25
Received from 5
Received from 6
Received from 24
Received from 23
Received from 22
Received from 7
Received from 8
Received from 9
Received from 21
Received from 11
Received from 20
Received from 10
Received from 19
Received from 12
Received from 16
Received from 18
Received from 15
Received from 13
Received from 17
Received from 14
finished calcs
Execution time: 154.061292 seconds
Running with -np 34
init master
Received from 32
Received from 0
Received from 1
Received from 31
Received from 2
Received from 30
Received from 5
Received from 3
Received from 27
Received from 4
Received from 28
Received from 29
Received from 6
Received from 26
Received from 25
Received from 24
Received from 7
Received from 23
Received from 9
Received from 8
Received from 22
Received from 21
Received from 11
Received from 10
Received from 12
Received from 15
Received from 20
Received from 13
Received from 17
Received from 16
Received from 19
Received from 18
Received from 14
finished calcs
Execution time: 142.479687 seconds
Running with -np 36
init master
Received from 0
Received from 34
Received from 1
Received from 33
Received from 2
Received from 32
Received from 4
Received from 29
Received from 31
Received from 5
Received from 3
Received from 30
Received from 6
Received from 28
Received from 7
Received from 8
Received from 9
Received from 26
Received from 27
Received from 25
Received from 24
Received from 22
Received from 10
Received from 11
Received from 23
Received from 12
Received from 21
Received from 13
Received from 20
Received from 15
Received from 14
Received from 19
Received from 18
Received from 17
Received from 16
finished calcs
Execution time: 122.065283 seconds
Running with -np 38
init master
Received from 0
Received from 36
Received from 1
Received from 35
Received from 2
Received from 34
Received from 3
Received from 31
Received from 33
Received from 5
Received from 6
Received from 32
Received from 4
Received from 30
Received from 7
Received from 29
Received from 8
Received from 27
Received from 28
Received from 10
Received from 9
Received from 26
Received from 11
Received from 25
Received from 13
Received from 24
Received from 12
Received from 23
Received from 22
Received from 21
Received from 14
Received from 15
Received from 20
Received from 19
Received from 18
Received from 16
Received from 17
finished calcs
Execution time: 128.285017 seconds
Running with -np 40
init master
Received from 38
Received from 1
Received from 37
Received from 0
Received from 2
Received from 36
Received from 3
Received from 6
Received from 35
Received from 32
Received from 33
Received from 5
Received from 4
Received from 34
Received from 7
Received from 31
Received from 8
Received from 28
Received from 9
Received from 10
Received from 30
Received from 25
Received from 26
Received from 29
Received from 14
Received from 12
Received from 27
Received from 11
Received from 13
Received from 22
Received from 24
Received from 18
Received from 23
Received from 20
Received from 15
Received from 16
Received from 21
Received from 17
Received from 19
finished calcs
Execution time: 135.299562 seconds
Running with -np 42
init master
Received from 1
Received from 39
Received from 0
Received from 40
Received from 2
Received from 38
Received from 3
Received from 37
Received from 34
Received from 6
Received from 4
Received from 5
Received from 35
Received from 36
Received from 7
Received from 33
Received from 8
Received from 32
Received from 30
Received from 29
Received from 9
Received from 10
Received from 13
Received from 31
Received from 11
Received from 12
Received from 28
Received from 27
Received from 14
Received from 25
Received from 26
Received from 24
Received from 17
Received from 15
Received from 18
Received from 16
Received from 23
Received from 22
Received from 19
Received from 21
Received from 20
finished calcs
Execution time: 123.165591 seconds
Running with -np 44
init master
Received from 41
Received from 1
Received from 42
Received from 0
Received from 2
Received from 40
Received from 3
Received from 39
Received from 5
Received from 4
Received from 36
Received from 38
Received from 7
Received from 37
Received from 6
Received from 35
Received from 34
Received from 8
Received from 32
Received from 31
Received from 9
Received from 30
Received from 29
Received from 13
Received from 12
Received from 27
Received from 11
Received from 33
Received from 10
Received from 14
Received from 24
Received from 28
Received from 15
Received from 25
Received from 21
Received from 26
Received from 16
Received from 23
Received from 17
Received from 18
Received from 19
Received from 22
Received from 20
finished calcs
Execution time: 127.059261 seconds
Running with -np 46
init master
Received from 44
Received from 1
Received from 43
Received from 0
Received from 2
Received from 42
Received from 41
Received from 3
Received from 37
Received from 7
Received from 38
Received from 4
Received from 6
Received from 40
Received from 39
Received from 5
Received from 8
Received from 36
Received from 35
Received from 9
Received from 34
Received from 11
Received from 33
Received from 32
Received from 10
Received from 31
Received from 13
Received from 14
Received from 12
Received from 30
Received from 29
Received from 28
Received from 15
Received from 17
Received from 16
Received from 19
Received from 25
Received from 20
Received from 23
Received from 27
Received from 18
Received from 24
Received from 21
Received from 26
Received from 22
finished calcs
Execution time: 108.164543 seconds
Running with -np 48
init master
Received from 1
Received from 45
Received from 0
Received from 46
Received from 2
Received from 44
Received from 3
Received from 43
Received from 4
Received from 39
Received from 40
Received from 41
Received from 7
Received from 42
Received from 5
Received from 6
Received from 8
Received from 38
Received from 9
Received from 37
Received from 11
Received from 10
Received from 34
Received from 12
Received from 36
Received from 35
Received from 14
Received from 13
Received from 32
Received from 33
Received from 15
Received from 31
Received from 17
Received from 16
Received from 30
Received from 29
Received from 28
Received from 19
Received from 26
Received from 18
Received from 25
Received from 24
Received from 20
Received from 27
Received from 21
Received from 22
Received from 23
finished calcs
Execution time: 100.188724 seconds
Running with -np 50
init master
Received from 1
Received from 48
Received from 47
Received from 0
Received from 2
Received from 46
Received from 3
Received from 45
Received from 4
Received from 44
Received from 8
Received from 40
Received from 42
Received from 41
Received from 7
Received from 6
Received from 43
Received from 5
Received from 9
Received from 39
Received from 38
Received from 37
Received from 10
Received from 11
Received from 36
Received from 13
Received from 35
Received from 14
Received from 12
Received from 34
Received from 33
Received from 31
Received from 32
Received from 15
Received from 16
Received from 17
Received from 18
Received from 30
Received from 28
Received from 21
Received from 20
Received from 19
Received from 29
Received from 23
Received from 27
Received from 22
Received from 25
Received from 26
Received from 24
finished calcs
Execution time: 95.420137 seconds
Running with -np 52
init master
Received from 50
Received from 49
Received from 2
Received from 1
Received from 0
Received from 48
Received from 3
Received from 47
Received from 4
Received from 8
Received from 42
Received from 46
Received from 6
Received from 43
Received from 7
Received from 5
Received from 45
Received from 44
Received from 9
Received from 41
Received from 10
Received from 40
Received from 38
Received from 13
Received from 39
Received from 11
Received from 15
Received from 37
Received from 12
Received from 36
Received from 14
Received from 34
Received from 17
Received from 35
Received from 18
Received from 33
Received from 16
Received from 32
Received from 30
Received from 31
Received from 28
Received from 19
Received from 20
Received from 23
Received from 29
Received from 21
Received from 26
Received from 22
Received from 24
Received from 25
Received from 27
finished calcs
Execution time: 101.714812 seconds
Running with -np 54
init master
Received from 51
Received from 2
Received from 1
Received from 0
Received from 52
Received from 50
Received from 3
Received from 49
Received from 4
Received from 48
Received from 44
Received from 8
Received from 5
Received from 45
Received from 46
Received from 6
Received from 7
Received from 9
Received from 47
Received from 43
Received from 10
Received from 42
Received from 11
Received from 41
Received from 37
Received from 12
Received from 40
Received from 14
Received from 16
Received from 39
Received from 13
Received from 38
Received from 15
Received from 18
Received from 19
Received from 17
Received from 34
Received from 35
Received from 36
Received from 33
Received from 20
Received from 22
Received from 32
Received from 30
Received from 21
Received from 29
Received from 24
Received from 31
Received from 23
Received from 28
Received from 27
Received from 26
Received from 25
finished calcs
Execution time: 89.762925 seconds
Running with -np 56
init master
Received from 54
Received from 1
Received from 0
Received from 53
Received from 2
Received from 52
Received from 3
Received from 51
Received from 4
Received from 50
Received from 9
Received from 46
Received from 5
Received from 6
Received from 48
Received from 47
Received from 49
Received from 8
Received from 45
Received from 7
Received from 10
Received from 44
